<?xml version="1.0" encoding="UTF-8"?>
<testng-results skipped="0" failed="0" ignored="0" total="1" passed="1">
  <reporter-output>
  </reporter-output>
  <suite name="Default suite" duration-ms="63750" started-at="2018-10-27T17:57:10Z" finished-at="2018-10-27T17:58:14Z">
    <groups>
    </groups>
    <test name="Default test" duration-ms="63750" started-at="2018-10-27T17:57:10Z" finished-at="2018-10-27T17:58:14Z">
      <class name="com.Config.GitJenkinsProject.TestFBLogin">
        <test-method status="PASS" signature="launchChrome()[pri:0, instance:com.Config.GitJenkinsProject.TestFBLogin@6e171cd7]" name="launchChrome" is-config="true" duration-ms="58524" started-at="2018-10-27T23:27:10Z" finished-at="2018-10-27T23:28:08Z">
          <reporter-output>
          </reporter-output>
        </test-method> <!-- launchChrome -->
        <test-method status="PASS" signature="testChrome()[pri:0, instance:com.Config.GitJenkinsProject.TestFBLogin@6e171cd7]" name="testChrome" duration-ms="279" started-at="2018-10-27T23:28:08Z" finished-at="2018-10-27T23:28:09Z">
          <reporter-output>
          </reporter-output>
        </test-method> <!-- testChrome -->
        <test-method status="PASS" signature="kill()[pri:0, instance:com.Config.GitJenkinsProject.TestFBLogin@6e171cd7]" name="kill" is-config="true" duration-ms="4678" started-at="2018-10-27T23:28:09Z" finished-at="2018-10-27T23:28:14Z">
          <reporter-output>
          </reporter-output>
        </test-method> <!-- kill -->
      </class> <!-- com.Config.GitJenkinsProject.TestFBLogin -->
    </test> <!-- Default test -->
  </suite> <!-- Default suite -->
</testng-results>
